{"D:\\VS Code\\RSSchool-React2024Q3\\src\\api\\getSpecieAPI.tsx": {"path":"D:\\VS Code\\RSSchool-React2024Q3\\src\\api\\getSpecieAPI.tsx","statementMap":{"0":{"start":{"line":3,"column":0},"end":{"line":3,"column":15}},"1":{"start":{"line":4,"column":14},"end":{"line":4,"column":51}},"2":{"start":{"line":5,"column":19},"end":{"line":5,"column":54}},"3":{"start":{"line":6,"column":17},"end":{"line":6,"column":38}},"4":{"start":{"line":7,"column":2},"end":{"line":7,"column":16}}},"fnMap":{"0":{"name":"getSpecieAPI","decl":{"start":{"line":3,"column":30},"end":{"line":3,"column":42}},"loc":{"start":{"line":3,"column":53},"end":{"line":8,"column":1}}}},"branchMap":{},"s":{"0":1,"1":1,"2":1,"3":1,"4":1},"f":{"0":1},"b":{}}
,"D:\\VS Code\\RSSchool-React2024Q3\\src\\components\\ErrorPage.tsx": {"path":"D:\\VS Code\\RSSchool-React2024Q3\\src\\components\\ErrorPage.tsx","statementMap":{"0":{"start":{"line":1,"column":0},"end":{"line":1,"column":24}},"1":{"start":{"line":2,"column":2},"end":{"line":13,"column":4}},"2":{"start":{"line":7,"column":23},"end":{"line":7,"column":47}}},"fnMap":{"0":{"name":"ErrorPage","decl":{"start":{"line":1,"column":24},"end":{"line":1,"column":33}},"loc":{"start":{"line":1,"column":33},"end":{"line":14,"column":1}}},"1":{"name":"(anonymous_1)","decl":{"start":{"line":7,"column":17},"end":{"line":7,"column":20}},"loc":{"start":{"line":7,"column":23},"end":{"line":7,"column":47}}}},"branchMap":{},"s":{"0":1,"1":1,"2":0},"f":{"0":1,"1":0},"b":{}}
,"D:\\VS Code\\RSSchool-React2024Q3\\src\\components\\NotFoundPage.tsx": {"path":"D:\\VS Code\\RSSchool-React2024Q3\\src\\components\\NotFoundPage.tsx","statementMap":{"0":{"start":{"line":3,"column":0},"end":{"line":3,"column":24}},"1":{"start":{"line":1,"column":0},"end":{"line":1,"column":40}},"2":{"start":{"line":4,"column":2},"end":{"line":11,"column":4}}},"fnMap":{"0":{"name":"NotFoundPage","decl":{"start":{"line":3,"column":24},"end":{"line":3,"column":36}},"loc":{"start":{"line":3,"column":36},"end":{"line":12,"column":1}}}},"branchMap":{},"s":{"0":1,"1":1,"2":1},"f":{"0":1},"b":{}}
,"D:\\VS Code\\RSSchool-React2024Q3\\src\\components\\SpecieItem.tsx": {"path":"D:\\VS Code\\RSSchool-React2024Q3\\src\\components\\SpecieItem.tsx","statementMap":{"0":{"start":{"line":4,"column":0},"end":{"line":4,"column":24}},"1":{"start":{"line":1,"column":0},"end":{"line":1,"column":56}},"2":{"start":{"line":5,"column":19},"end":{"line":5,"column":32}},"3":{"start":{"line":6,"column":24},"end":{"line":6,"column":39}},"4":{"start":{"line":8,"column":2},"end":{"line":26,"column":4}},"5":{"start":{"line":15,"column":8},"end":{"line":22,"column":null}}},"fnMap":{"0":{"name":"SpecieItem","decl":{"start":{"line":4,"column":24},"end":{"line":4,"column":34}},"loc":{"start":{"line":4,"column":70},"end":{"line":27,"column":1}}},"1":{"name":"(anonymous_1)","decl":{"start":{"line":14,"column":7},"end":{"line":14,"column":8}},"loc":{"start":{"line":15,"column":8},"end":{"line":22,"column":null}}}},"branchMap":{"0":{"loc":{"start":{"line":17,"column":12},"end":{"line":17,"column":72}},"type":"cond-expr","locations":[{"start":{"line":17,"column":23},"end":{"line":17,"column":52}},{"start":{"line":17,"column":55},"end":{"line":17,"column":72}}]}},"s":{"0":3,"1":3,"2":5,"3":5,"4":5,"5":5},"f":{"0":5,"1":5},"b":{"0":[0,5]}}
,"D:\\VS Code\\RSSchool-React2024Q3\\src\\components\\SpeciesList.tsx": {"path":"D:\\VS Code\\RSSchool-React2024Q3\\src\\components\\SpeciesList.tsx","statementMap":{"0":{"start":{"line":5,"column":0},"end":{"line":5,"column":24}},"1":{"start":{"line":1,"column":0},"end":{"line":1,"column":53}},"2":{"start":{"line":3,"column":0},"end":{"line":3,"column":38}},"3":{"start":{"line":6,"column":19},"end":{"line":6,"column":32}},"4":{"start":{"line":7,"column":24},"end":{"line":7,"column":39}},"5":{"start":{"line":9,"column":2},"end":{"line":15,"column":3}},"6":{"start":{"line":10,"column":4},"end":{"line":14,"column":6}},"7":{"start":{"line":17,"column":23},"end":{"line":22,"column":3}},"8":{"start":{"line":18,"column":18},"end":{"line":18,"column":32}},"9":{"start":{"line":19,"column":15},"end":{"line":19,"column":38}},"10":{"start":{"line":20,"column":4},"end":{"line":20,"column":20}},"11":{"start":{"line":21,"column":4},"end":{"line":21,"column":14}},"12":{"start":{"line":24,"column":2},"end":{"line":36,"column":4}},"13":{"start":{"line":28,"column":10},"end":{"line":29,"column":null}}},"fnMap":{"0":{"name":"SpeciesList","decl":{"start":{"line":5,"column":24},"end":{"line":5,"column":35}},"loc":{"start":{"line":5,"column":65},"end":{"line":37,"column":1}}},"1":{"name":"(anonymous_2)","decl":{"start":{"line":17,"column":23},"end":{"line":17,"column":24}},"loc":{"start":{"line":17,"column":39},"end":{"line":22,"column":3}}},"2":{"name":"(anonymous_3)","decl":{"start":{"line":27,"column":21},"end":{"line":27,"column":22}},"loc":{"start":{"line":28,"column":10},"end":{"line":29,"column":null}}}},"branchMap":{"0":{"loc":{"start":{"line":9,"column":2},"end":{"line":15,"column":3}},"type":"if","locations":[{"start":{"line":9,"column":2},"end":{"line":15,"column":3}}]}},"s":{"0":2,"1":2,"2":2,"3":4,"4":4,"5":4,"6":2,"7":2,"8":4,"9":4,"10":4,"11":4,"12":2,"13":4},"f":{"0":4,"1":4,"2":4},"b":{"0":[2]}}
}
