TN:
SF:src\api\getSpecieAPI.tsx
FN:3,getSpecieAPI
FNF:1
FNH:1
FNDA:1,getSpecieAPI
DA:3,1
DA:4,1
DA:5,1
DA:6,1
DA:7,1
LF:5
LH:5
BRF:0
BRH:0
end_of_record
TN:
SF:src\components\ErrorPage.tsx
FN:1,ErrorPage
FN:7,(anonymous_1)
FNF:2
FNH:1
FNDA:1,ErrorPage
FNDA:0,(anonymous_1)
DA:1,1
DA:2,1
DA:7,0
LF:3
LH:2
BRF:0
BRH:0
end_of_record
TN:
SF:src\components\NotFoundPage.tsx
FN:3,NotFoundPage
FNF:1
FNH:1
FNDA:1,NotFoundPage
DA:1,1
DA:3,1
DA:4,1
LF:3
LH:3
BRF:0
BRH:0
end_of_record
TN:
SF:src\components\SpecieItem.tsx
FN:4,SpecieItem
FN:14,(anonymous_1)
FNF:2
FNH:2
FNDA:5,SpecieItem
FNDA:5,(anonymous_1)
DA:1,3
DA:4,3
DA:5,5
DA:6,5
DA:8,5
DA:15,5
LF:6
LH:6
BRDA:17,0,0,0
BRDA:17,0,1,5
BRF:2
BRH:1
end_of_record
TN:
SF:src\components\SpeciesList.tsx
FN:5,SpeciesList
FN:17,(anonymous_2)
FN:27,(anonymous_3)
FNF:3
FNH:3
FNDA:4,SpeciesList
FNDA:4,(anonymous_2)
FNDA:4,(anonymous_3)
DA:1,2
DA:3,2
DA:5,2
DA:6,4
DA:7,4
DA:9,4
DA:10,2
DA:17,2
DA:18,4
DA:19,4
DA:20,4
DA:21,4
DA:24,2
DA:28,4
LF:14
LH:14
BRDA:9,0,0,2
BRF:1
BRH:1
end_of_record
